Generated at 2015-04-13 14:02:07 +0300
Chef::Exceptions::CookbookNotFound: Cookbook iptables not found. If you're loading iptables from another cookbook, make sure you configure the dependency in your metadata
/opt/chefdk/embedded/apps/chef/lib/chef/cookbook/cookbook_collection.rb:38:in `block in initialize'
/opt/chefdk/embedded/lib/ruby/gems/2.1.0/gems/ohai-8.0.1/lib/ohai/mash.rb:77:in `yield'
/opt/chefdk/embedded/lib/ruby/gems/2.1.0/gems/ohai-8.0.1/lib/ohai/mash.rb:77:in `default'
/opt/chefdk/embedded/lib/ruby/gems/2.1.0/gems/ohai-8.0.1/lib/ohai/mash.rb:77:in `default'
/opt/chefdk/embedded/apps/chef/lib/chef/run_context/cookbook_compiler.rb:277:in `[]'
/opt/chefdk/embedded/apps/chef/lib/chef/run_context/cookbook_compiler.rb:277:in `each_cookbook_dep'
/opt/chefdk/embedded/apps/chef/lib/chef/run_context/cookbook_compiler.rb:255:in `add_cookbook_with_deps'
/opt/chefdk/embedded/apps/chef/lib/chef/run_context/cookbook_compiler.rb:88:in `block in cookbook_order'
/opt/chefdk/embedded/apps/chef/lib/chef/run_context/cookbook_compiler.rb:86:in `each'
/opt/chefdk/embedded/apps/chef/lib/chef/run_context/cookbook_compiler.rb:86:in `cookbook_order'
/opt/chefdk/embedded/apps/chef/lib/chef/run_context/cookbook_compiler.rb:98:in `compile_libraries'
/opt/chefdk/embedded/apps/chef/lib/chef/run_context/cookbook_compiler.rb:71:in `compile'
/opt/chefdk/embedded/apps/chef/lib/chef/run_context.rb:92:in `load'
/opt/chefdk/embedded/apps/chef/lib/chef/policy_builder/expand_node_object.rb:73:in `setup_run_context'
/opt/chefdk/embedded/apps/chef/lib/chef/client.rb:235:in `setup_run_context'
/opt/chefdk/embedded/apps/chef/lib/chef/client.rb:397:in `run'
/opt/chefdk/embedded/apps/chef/lib/chef/application.rb:261:in `block in fork_chef_client'
/opt/chefdk/embedded/apps/chef/lib/chef/application.rb:249:in `fork'
/opt/chefdk/embedded/apps/chef/lib/chef/application.rb:249:in `fork_chef_client'
/opt/chefdk/embedded/apps/chef/lib/chef/application.rb:215:in `block in run_chef_client'
/opt/chefdk/embedded/apps/chef/lib/chef/local_mode.rb:38:in `with_server_connectivity'
/opt/chefdk/embedded/apps/chef/lib/chef/application.rb:201:in `run_chef_client'
/opt/chefdk/embedded/apps/chef/lib/chef/application/solo.rb:245:in `block in interval_run_chef_client'
/opt/chefdk/embedded/apps/chef/lib/chef/application/solo.rb:234:in `loop'
/opt/chefdk/embedded/apps/chef/lib/chef/application/solo.rb:234:in `interval_run_chef_client'
/opt/chefdk/embedded/apps/chef/lib/chef/application/solo.rb:224:in `run_application'
/opt/chefdk/embedded/apps/chef/lib/chef/application.rb:58:in `run'
/opt/chefdk/embedded/apps/chef/bin/chef-solo:25:in `<top (required)>'
/usr/bin/chef-solo:40:in `load'
/usr/bin/chef-solo:40:in `<main>'